<?xml version="1.0" encoding="UTF-8"?>
<!-- Generated by org.testng.reporters.JUnitXMLReporter -->
<testsuite ignored="0" hostname="LAPTOP-INML28EB" failures="0" tests="4" name="Test" time="0.084" errors="0" timestamp="2022-11-19T11:00:21 IST">
  <testcase classname="scripts.Test3" name="tc4" time="0.017"/>
  <testcase classname="scripts.Test2" name="tc3" time="0.003"/>
  <testcase classname="scripts.Test1" name="tc2" time="0.002"/>
  <testcase classname="scripts.Test0" name="tc1" time="0.002"/>
</testsuite> <!-- Test -->
